  fonctionsPontDiv.c
C:\Users\phibovey\OneDrive - Education Vaud\PROG\Epreuves\TESTS_2022_2023\PROJET2\PROG_SLO1_C_PRJ2\ADC\PROJET_S_ANTONIO_DOCARMO\PROJET_S_ANTONIO_DOCARMO\PontsResistifs.h(8,29): warning C4244: 'initialisation' : conversion de 'double' en 'const int', perte possible de données
C:\Users\phibovey\OneDrive - Education Vaud\PROG\Epreuves\TESTS_2022_2023\PROJET2\PROG_SLO1_C_PRJ2\ADC\PROJET_S_ANTONIO_DOCARMO\PROJET_S_ANTONIO_DOCARMO\fonctionsPontDiv.c(12,43): error C2143: erreur de syntaxe : absence de ')' avant '*'
C:\Users\phibovey\OneDrive - Education Vaud\PROG\Epreuves\TESTS_2022_2023\PROJET2\PROG_SLO1_C_PRJ2\ADC\PROJET_S_ANTONIO_DOCARMO\PROJET_S_ANTONIO_DOCARMO\fonctionsPontDiv.c(12,43): error C2143: erreur de syntaxe : absence de '{' avant '*'
C:\Users\phibovey\OneDrive - Education Vaud\PROG\Epreuves\TESTS_2022_2023\PROJET2\PROG_SLO1_C_PRJ2\ADC\PROJET_S_ANTONIO_DOCARMO\PROJET_S_ANTONIO_DOCARMO\fonctionsPontDiv.c(12,56): error C2059: erreur de syntaxe : ')'
C:\Users\phibovey\OneDrive - Education Vaud\PROG\Epreuves\TESTS_2022_2023\PROJET2\PROG_SLO1_C_PRJ2\ADC\PROJET_S_ANTONIO_DOCARMO\PROJET_S_ANTONIO_DOCARMO\fonctionsPontDiv.c(12,44): error C2040: 'pontDiviseur' : les niveaux d'indirection de 'int *' et de 'pontDiviseur' sont différents
C:\Users\phibovey\OneDrive - Education Vaud\PROG\Epreuves\TESTS_2022_2023\PROJET2\PROG_SLO1_C_PRJ2\ADC\PROJET_S_ANTONIO_DOCARMO\PROJET_S_ANTONIO_DOCARMO\fonctionsPontDiv.c(12,58): error C2054: '(' attendu après 'pontDiviseur'
C:\Users\phibovey\OneDrive - Education Vaud\PROG\Epreuves\TESTS_2022_2023\PROJET2\PROG_SLO1_C_PRJ2\ADC\PROJET_S_ANTONIO_DOCARMO\PROJET_S_ANTONIO_DOCARMO\fonctionsPontDiv.c(69,48): error C2143: erreur de syntaxe : absence de ')' avant '*'
C:\Users\phibovey\OneDrive - Education Vaud\PROG\Epreuves\TESTS_2022_2023\PROJET2\PROG_SLO1_C_PRJ2\ADC\PROJET_S_ANTONIO_DOCARMO\PROJET_S_ANTONIO_DOCARMO\fonctionsPontDiv.c(69,48): error C2143: erreur de syntaxe : absence de '{' avant '*'
C:\Users\phibovey\OneDrive - Education Vaud\PROG\Epreuves\TESTS_2022_2023\PROJET2\PROG_SLO1_C_PRJ2\ADC\PROJET_S_ANTONIO_DOCARMO\PROJET_S_ANTONIO_DOCARMO\fonctionsPontDiv.c(69,61): error C2059: erreur de syntaxe : ')'
C:\Users\phibovey\OneDrive - Education Vaud\PROG\Epreuves\TESTS_2022_2023\PROJET2\PROG_SLO1_C_PRJ2\ADC\PROJET_S_ANTONIO_DOCARMO\PROJET_S_ANTONIO_DOCARMO\fonctionsPontDiv.c(69,49): error C2040: 'pontDiviseur' : les niveaux d'indirection de 'int *' et de 'pontDiviseur' sont différents
C:\Users\phibovey\OneDrive - Education Vaud\PROG\Epreuves\TESTS_2022_2023\PROJET2\PROG_SLO1_C_PRJ2\ADC\PROJET_S_ANTONIO_DOCARMO\PROJET_S_ANTONIO_DOCARMO\fonctionsPontDiv.c(69,63): error C2054: '(' attendu après 'pontDiviseur'
C:\Users\phibovey\OneDrive - Education Vaud\PROG\Epreuves\TESTS_2022_2023\PROJET2\PROG_SLO1_C_PRJ2\ADC\PROJET_S_ANTONIO_DOCARMO\PROJET_S_ANTONIO_DOCARMO\fonctionsPontDiv.c(88,29): error C2065: 'nbDeRes' : identificateur non déclaré
C:\Users\phibovey\OneDrive - Education Vaud\PROG\Epreuves\TESTS_2022_2023\PROJET2\PROG_SLO1_C_PRJ2\ADC\PROJET_S_ANTONIO_DOCARMO\PROJET_S_ANTONIO_DOCARMO\fonctionsPontDiv.c(90,72): error C2275: 'pontDiviseur' : utilisation non conforme de ce type comme expression
C:\Users\phibovey\OneDrive - Education Vaud\PROG\Epreuves\TESTS_2022_2023\PROJET2\PROG_SLO1_C_PRJ2\ADC\PROJET_S_ANTONIO_DOCARMO\PROJET_S_ANTONIO_DOCARMO\PontsResistifs.h(18): message : voir la déclaration de 'pontDiviseur'
C:\Users\phibovey\OneDrive - Education Vaud\PROG\Epreuves\TESTS_2022_2023\PROJET2\PROG_SLO1_C_PRJ2\ADC\PROJET_S_ANTONIO_DOCARMO\PROJET_S_ANTONIO_DOCARMO\fonctionsPontDiv.c(90,10): warning C4477: 'printf' : la chaîne de format '%d' nécessite un argument de type 'int', mais l'argument variadique 1 est de type 'int *'
C:\Users\phibovey\OneDrive - Education Vaud\PROG\Epreuves\TESTS_2022_2023\PROJET2\PROG_SLO1_C_PRJ2\ADC\PROJET_S_ANTONIO_DOCARMO\PROJET_S_ANTONIO_DOCARMO\fonctionsPontDiv.c(90,10): warning C4473: 'printf' : nombre insuffisant d'arguments passés pour la chaîne de format
C:\Users\phibovey\OneDrive - Education Vaud\PROG\Epreuves\TESTS_2022_2023\PROJET2\PROG_SLO1_C_PRJ2\ADC\PROJET_S_ANTONIO_DOCARMO\PROJET_S_ANTONIO_DOCARMO\fonctionsPontDiv.c(90,10): message : les espaces réservés et leurs paramètres attendent des arguments 2 variadiques, mais des arguments 1 ont été fournis
C:\Users\phibovey\OneDrive - Education Vaud\PROG\Epreuves\TESTS_2022_2023\PROJET2\PROG_SLO1_C_PRJ2\ADC\PROJET_S_ANTONIO_DOCARMO\PROJET_S_ANTONIO_DOCARMO\fonctionsPontDiv.c(90,10): message : l'argument variadique manquant 2 est demandé par la chaîne de format '%3d'
  mainProjet1_S2.c
C:\Users\phibovey\OneDrive - Education Vaud\PROG\Epreuves\TESTS_2022_2023\PROJET2\PROG_SLO1_C_PRJ2\ADC\PROJET_S_ANTONIO_DOCARMO\PROJET_S_ANTONIO_DOCARMO\PontsResistifs.h(8,29): warning C4244: 'initialisation' : conversion de 'double' en 'const int', perte possible de données
C:\Users\phibovey\OneDrive - Education Vaud\PROG\Epreuves\TESTS_2022_2023\PROJET2\PROG_SLO1_C_PRJ2\ADC\PROJET_S_ANTONIO_DOCARMO\PROJET_S_ANTONIO_DOCARMO\fonctionsPontDiv.c(12,43): error C2143: erreur de syntaxe : absence de ')' avant '*'
C:\Users\phibovey\OneDrive - Education Vaud\PROG\Epreuves\TESTS_2022_2023\PROJET2\PROG_SLO1_C_PRJ2\ADC\PROJET_S_ANTONIO_DOCARMO\PROJET_S_ANTONIO_DOCARMO\fonctionsPontDiv.c(12,43): error C2143: erreur de syntaxe : absence de '{' avant '*'
C:\Users\phibovey\OneDrive - Education Vaud\PROG\Epreuves\TESTS_2022_2023\PROJET2\PROG_SLO1_C_PRJ2\ADC\PROJET_S_ANTONIO_DOCARMO\PROJET_S_ANTONIO_DOCARMO\fonctionsPontDiv.c(12,56): error C2059: erreur de syntaxe : ')'
C:\Users\phibovey\OneDrive - Education Vaud\PROG\Epreuves\TESTS_2022_2023\PROJET2\PROG_SLO1_C_PRJ2\ADC\PROJET_S_ANTONIO_DOCARMO\PROJET_S_ANTONIO_DOCARMO\fonctionsPontDiv.c(12,44): error C2040: 'pontDiviseur' : les niveaux d'indirection de 'int *' et de 'pontDiviseur' sont différents
C:\Users\phibovey\OneDrive - Education Vaud\PROG\Epreuves\TESTS_2022_2023\PROJET2\PROG_SLO1_C_PRJ2\ADC\PROJET_S_ANTONIO_DOCARMO\PROJET_S_ANTONIO_DOCARMO\fonctionsPontDiv.c(12,58): error C2054: '(' attendu après 'pontDiviseur'
C:\Users\phibovey\OneDrive - Education Vaud\PROG\Epreuves\TESTS_2022_2023\PROJET2\PROG_SLO1_C_PRJ2\ADC\PROJET_S_ANTONIO_DOCARMO\PROJET_S_ANTONIO_DOCARMO\fonctionsPontDiv.c(69,48): error C2143: erreur de syntaxe : absence de ')' avant '*'
C:\Users\phibovey\OneDrive - Education Vaud\PROG\Epreuves\TESTS_2022_2023\PROJET2\PROG_SLO1_C_PRJ2\ADC\PROJET_S_ANTONIO_DOCARMO\PROJET_S_ANTONIO_DOCARMO\fonctionsPontDiv.c(69,48): error C2143: erreur de syntaxe : absence de '{' avant '*'
C:\Users\phibovey\OneDrive - Education Vaud\PROG\Epreuves\TESTS_2022_2023\PROJET2\PROG_SLO1_C_PRJ2\ADC\PROJET_S_ANTONIO_DOCARMO\PROJET_S_ANTONIO_DOCARMO\fonctionsPontDiv.c(69,61): error C2059: erreur de syntaxe : ')'
C:\Users\phibovey\OneDrive - Education Vaud\PROG\Epreuves\TESTS_2022_2023\PROJET2\PROG_SLO1_C_PRJ2\ADC\PROJET_S_ANTONIO_DOCARMO\PROJET_S_ANTONIO_DOCARMO\fonctionsPontDiv.c(69,49): error C2040: 'pontDiviseur' : les niveaux d'indirection de 'int *' et de 'pontDiviseur' sont différents
C:\Users\phibovey\OneDrive - Education Vaud\PROG\Epreuves\TESTS_2022_2023\PROJET2\PROG_SLO1_C_PRJ2\ADC\PROJET_S_ANTONIO_DOCARMO\PROJET_S_ANTONIO_DOCARMO\fonctionsPontDiv.c(69,63): error C2054: '(' attendu après 'pontDiviseur'
C:\Users\phibovey\OneDrive - Education Vaud\PROG\Epreuves\TESTS_2022_2023\PROJET2\PROG_SLO1_C_PRJ2\ADC\PROJET_S_ANTONIO_DOCARMO\PROJET_S_ANTONIO_DOCARMO\fonctionsPontDiv.c(88,29): error C2065: 'nbDeRes' : identificateur non déclaré
C:\Users\phibovey\OneDrive - Education Vaud\PROG\Epreuves\TESTS_2022_2023\PROJET2\PROG_SLO1_C_PRJ2\ADC\PROJET_S_ANTONIO_DOCARMO\PROJET_S_ANTONIO_DOCARMO\fonctionsPontDiv.c(90,72): error C2275: 'pontDiviseur' : utilisation non conforme de ce type comme expression
C:\Users\phibovey\OneDrive - Education Vaud\PROG\Epreuves\TESTS_2022_2023\PROJET2\PROG_SLO1_C_PRJ2\ADC\PROJET_S_ANTONIO_DOCARMO\PROJET_S_ANTONIO_DOCARMO\PontsResistifs.h(18): message : voir la déclaration de 'pontDiviseur'
C:\Users\phibovey\OneDrive - Education Vaud\PROG\Epreuves\TESTS_2022_2023\PROJET2\PROG_SLO1_C_PRJ2\ADC\PROJET_S_ANTONIO_DOCARMO\PROJET_S_ANTONIO_DOCARMO\fonctionsPontDiv.c(90,10): warning C4477: 'printf' : la chaîne de format '%d' nécessite un argument de type 'int', mais l'argument variadique 1 est de type 'int *'
C:\Users\phibovey\OneDrive - Education Vaud\PROG\Epreuves\TESTS_2022_2023\PROJET2\PROG_SLO1_C_PRJ2\ADC\PROJET_S_ANTONIO_DOCARMO\PROJET_S_ANTONIO_DOCARMO\fonctionsPontDiv.c(90,10): warning C4473: 'printf' : nombre insuffisant d'arguments passés pour la chaîne de format
C:\Users\phibovey\OneDrive - Education Vaud\PROG\Epreuves\TESTS_2022_2023\PROJET2\PROG_SLO1_C_PRJ2\ADC\PROJET_S_ANTONIO_DOCARMO\PROJET_S_ANTONIO_DOCARMO\fonctionsPontDiv.c(90,10): message : les espaces réservés et leurs paramètres attendent des arguments 2 variadiques, mais des arguments 1 ont été fournis
C:\Users\phibovey\OneDrive - Education Vaud\PROG\Epreuves\TESTS_2022_2023\PROJET2\PROG_SLO1_C_PRJ2\ADC\PROJET_S_ANTONIO_DOCARMO\PROJET_S_ANTONIO_DOCARMO\fonctionsPontDiv.c(90,10): message : l'argument variadique manquant 2 est demandé par la chaîne de format '%3d'
C:\Users\phibovey\OneDrive - Education Vaud\PROG\Epreuves\TESTS_2022_2023\PROJET2\PROG_SLO1_C_PRJ2\ADC\PROJET_S_ANTONIO_DOCARMO\PROJET_S_ANTONIO_DOCARMO\mainProjet1_S2.c(51,23): warning C4013: 'InitInfoPontDiviseur' non défini(e) ; extern retournant int pris par défaut
C:\Users\phibovey\OneDrive - Education Vaud\PROG\Epreuves\TESTS_2022_2023\PROJET2\PROG_SLO1_C_PRJ2\ADC\PROJET_S_ANTONIO_DOCARMO\PROJET_S_ANTONIO_DOCARMO\mainProjet1_S2.c(55,28): warning C4013: 'CalculTensionPontDiviseur' non défini(e) ; extern retournant int pris par défaut
C:\Users\phibovey\OneDrive - Education Vaud\PROG\Epreuves\TESTS_2022_2023\PROJET2\PROG_SLO1_C_PRJ2\ADC\PROJET_S_ANTONIO_DOCARMO\PROJET_S_ANTONIO_DOCARMO\mainProjet1_S2.c(63,9): warning C4477: 'scanf' : la chaîne de format '%d' nécessite un argument de type 'int *', mais l'argument variadique 1 est de type 'char *'
C:\Users\phibovey\OneDrive - Education Vaud\PROG\Epreuves\TESTS_2022_2023\PROJET2\PROG_SLO1_C_PRJ2\ADC\PROJET_S_ANTONIO_DOCARMO\PROJET_S_ANTONIO_DOCARMO\mainProjet1_S2.c(63,9): message : utilisez '%hhd' dans la chaîne de format
C:\Users\phibovey\OneDrive - Education Vaud\PROG\Epreuves\TESTS_2022_2023\PROJET2\PROG_SLO1_C_PRJ2\ADC\PROJET_S_ANTONIO_DOCARMO\PROJET_S_ANTONIO_DOCARMO\mainProjet1_S2.c(63,3): error C4996: 'scanf': This function or variable may be unsafe. Consider using scanf_s instead. To disable deprecation, use _CRT_SECURE_NO_WARNINGS. See online help for details.
  Génération de code en cours...
